<?xml version="1.0" encoding="UTF-8"?>
<testng-results skipped="0" failed="0" total="1" passed="1">
  <reporter-output>
  </reporter-output>
  <suite name="Default suite" duration-ms="20090" started-at="2015-05-22T06:42:54Z" finished-at="2015-05-22T06:43:14Z">
    <groups>
    </groups>
    <test name="Default test" duration-ms="20090" started-at="2015-05-22T06:42:54Z" finished-at="2015-05-22T06:43:14Z">
      <class name="Test.Test1">
        <test-method status="PASS" signature="beforeClass()[pri:0, instance:Test.Test1@6b37695c]" name="beforeClass" is-config="true" duration-ms="20061" started-at="2015-05-22T12:12:54Z" finished-at="2015-05-22T12:13:14Z">
          <reporter-output>
          </reporter-output>
        </test-method> <!-- beforeClass -->
        <test-method status="PASS" signature="f()[pri:0, instance:Test.Test1@6b37695c]" name="f" duration-ms="9" started-at="2015-05-22T12:13:14Z" finished-at="2015-05-22T12:13:14Z">
          <reporter-output>
          </reporter-output>
        </test-method> <!-- f -->
        <test-method status="PASS" signature="afterClass()[pri:0, instance:Test.Test1@6b37695c]" name="afterClass" is-config="true" duration-ms="0" started-at="2015-05-22T12:13:14Z" finished-at="2015-05-22T12:13:14Z">
          <reporter-output>
          </reporter-output>
        </test-method> <!-- afterClass -->
      </class> <!-- Test.Test1 -->
    </test> <!-- Default test -->
  </suite> <!-- Default suite -->
</testng-results>
